<?xml version="1.0" encoding="UTF-8"?>
<testsuite xmlns:xsi="http://www.w3.org/2001/XMLSchema-instance" xsi:noNamespaceSchemaLocation="https://maven.apache.org/surefire/maven-surefire-plugin/xsd/surefire-test-report-3.0.xsd" version="3.0" name="com.omery.projectAtm.controller.UserControllerIntegrationTest" time="2.752" tests="7" errors="0" skipped="0" failures="0">
  <properties>
[...]
</properties>
  <testcase name="testThatGetUserReturnsHttpStatus404WhenNoAuthorExists" classname="com.omery.projectAtm.controller.UserControllerIntegrationTest" time="0.063">
    <system-out><![CDATA[2024-08-15T17:20:49.709+03:00  INFO 25244 --- [           main] t.c.s.AnnotationConfigContextLoaderUtils : Could not detect default configuration classes for test class [com.omery.projectAtm.controller.UserControllerIntegrationTest]: UserControllerIntegrationTest does not declare any static, non-private, non-final, nested classes annotated with @Configuration.
2024-08-15T17:20:49.718+03:00  INFO 25244 --- [           main] .b.t.c.SpringBootTestContextBootstrapper : Found @SpringBootConfiguration com.omery.projectAtm.ProjectAtmApplication for test class com.omery.projectAtm.controller.UserControllerIntegrationTest

  .   ____          _            __ _ _
 /\\ / ___'_ __ _ _(_)_ __  __ _ \ \ \ \
( ( )\___ | '_ | '_| | '_ \/ _` | \ \ \ \
 \\/  ___)| |_)| | | | | || (_| |  ) ) ) )
  '  |____| .__|_| |_|_| |_\__, | / / / /
 =========|_|==============|___/=/_/_/_/
 :: Spring Boot ::                (v3.2.2)

2024-08-15T17:20:49.735+03:00  INFO 25244 --- [           main] c.o.p.c.UserControllerIntegrationTest    : Starting UserControllerIntegrationTest using Java 21 with PID 25244 (started by omeryildiz in /Users/omeryildiz/Documents/GitHub/spring-boot-atmProject/backend)
2024-08-15T17:20:49.736+03:00  INFO 25244 --- [           main] c.o.p.c.UserControllerIntegrationTest    : The following 1 profile is active: "test"
2024-08-15T17:20:49.834+03:00  INFO 25244 --- [           main] .s.d.r.c.RepositoryConfigurationDelegate : Bootstrapping Spring Data JPA repositories in DEFAULT mode.
2024-08-15T17:20:49.841+03:00  INFO 25244 --- [           main] .s.d.r.c.RepositoryConfigurationDelegate : Finished Spring Data repository scanning in 6 ms. Found 2 JPA repository interfaces.
2024-08-15T17:20:49.894+03:00  INFO 25244 --- [           main] o.hibernate.jpa.internal.util.LogHelper  : HHH000204: Processing PersistenceUnitInfo [name: default]
2024-08-15T17:20:49.896+03:00  INFO 25244 --- [           main] o.h.c.internal.RegionFactoryInitiator    : HHH000026: Second-level cache disabled
2024-08-15T17:20:49.897+03:00  INFO 25244 --- [           main] o.s.o.j.p.SpringPersistenceUnitInfo      : No LoadTimeWeaver setup: ignoring JPA class transformer
2024-08-15T17:20:49.898+03:00  INFO 25244 --- [           main] com.zaxxer.hikari.HikariDataSource       : HikariPool-2 - Starting...
2024-08-15T17:20:49.899+03:00  INFO 25244 --- [           main] com.zaxxer.hikari.pool.HikariPool        : HikariPool-2 - Added connection conn10: url=jdbc:h2:mem:public user=POSTGRES
2024-08-15T17:20:49.900+03:00  INFO 25244 --- [           main] com.zaxxer.hikari.HikariDataSource       : HikariPool-2 - Start completed.
2024-08-15T17:20:49.900+03:00  WARN 25244 --- [           main] org.hibernate.orm.deprecation            : HHH90000025: H2Dialect does not need to be specified explicitly using 'hibernate.dialect' (remove the property setting and it will be selected by default)
2024-08-15T17:20:49.931+03:00  INFO 25244 --- [           main] o.h.e.t.j.p.i.JtaPlatformInitiator       : HHH000489: No JTA platform available (set 'hibernate.transaction.jta.platform' to enable JTA platform integration)
Hibernate: drop table if exists accounts cascade 
Hibernate: drop table if exists users cascade 
Hibernate: drop sequence if exists acc_id_seq
Hibernate: drop sequence if exists user_id_seq
Hibernate: create sequence acc_id_seq start with 1 increment by 50
Hibernate: create sequence user_id_seq start with 1 increment by 50
Hibernate: create table accounts (acc_id bigint not null, total_credit bigint not null, user_id bigint not null, primary key (acc_id))
Hibernate: create table users (id bigint not null, email varchar(255) not null unique, first_name varchar(255) not null, last_name varchar(255) not null, password varchar(255) not null, primary key (id))
Hibernate: alter table if exists accounts add constraint FKnjuop33mo69pd79ctplkck40n foreign key (user_id) references users
2024-08-15T17:20:49.935+03:00  INFO 25244 --- [           main] j.LocalContainerEntityManagerFactoryBean : Initialized JPA EntityManagerFactory for persistence unit 'default'
2024-08-15T17:20:50.001+03:00  WARN 25244 --- [           main] JpaBaseConfiguration$JpaWebConfiguration : spring.jpa.open-in-view is enabled by default. Therefore, database queries may be performed during view rendering. Explicitly configure spring.jpa.open-in-view to disable this warning
2024-08-15T17:20:50.083+03:00  INFO 25244 --- [           main] o.s.b.t.m.w.SpringBootMockServletContext : Initializing Spring TestDispatcherServlet ''
2024-08-15T17:20:50.083+03:00  INFO 25244 --- [           main] o.s.t.web.servlet.TestDispatcherServlet  : Initializing Servlet ''
2024-08-15T17:20:50.085+03:00  INFO 25244 --- [           main] o.s.t.web.servlet.TestDispatcherServlet  : Completed initialization in 1 ms
2024-08-15T17:20:50.091+03:00  INFO 25244 --- [           main] c.o.p.c.UserControllerIntegrationTest    : Started UserControllerIntegrationTest in 0.371 seconds (process running for 4.406)
Hibernate: select ue1_0.id,ue1_0.email,ue1_0.first_name,ue1_0.last_name,ue1_0.password from users ue1_0 where ue1_0.id=?
2024-08-15T17:20:50.156+03:00  INFO 25244 --- [           main] j.LocalContainerEntityManagerFactoryBean : Closing JPA EntityManagerFactory for persistence unit 'default'
2024-08-15T17:20:50.157+03:00  INFO 25244 --- [           main] com.zaxxer.hikari.HikariDataSource       : HikariPool-2 - Shutdown initiated...
2024-08-15T17:20:50.157+03:00  INFO 25244 --- [           main] com.zaxxer.hikari.HikariDataSource       : HikariPool-2 - Shutdown completed.
]]></system-out>
  </testcase>
  <testcase name="testThatListUsersReturnsListOfAuthors" classname="com.omery.projectAtm.controller.UserControllerIntegrationTest" time="0.091">
    <system-out><![CDATA[
  .   ____          _            __ _ _
 /\\ / ___'_ __ _ _(_)_ __  __ _ \ \ \ \
( ( )\___ | '_ | '_| | '_ \/ _` | \ \ \ \
 \\/  ___)| |_)| | | | | || (_| |  ) ) ) )
  '  |____| .__|_| |_|_| |_\__, | / / / /
 =========|_|==============|___/=/_/_/_/
 :: Spring Boot ::                (v3.2.2)

2024-08-15T17:20:50.176+03:00  INFO 25244 --- [           main] c.o.p.c.UserControllerIntegrationTest    : Starting UserControllerIntegrationTest using Java 21 with PID 25244 (started by omeryildiz in /Users/omeryildiz/Documents/GitHub/spring-boot-atmProject/backend)
2024-08-15T17:20:50.176+03:00  INFO 25244 --- [           main] c.o.p.c.UserControllerIntegrationTest    : The following 1 profile is active: "test"
2024-08-15T17:20:50.258+03:00  INFO 25244 --- [           main] .s.d.r.c.RepositoryConfigurationDelegate : Bootstrapping Spring Data JPA repositories in DEFAULT mode.
2024-08-15T17:20:50.264+03:00  INFO 25244 --- [           main] .s.d.r.c.RepositoryConfigurationDelegate : Finished Spring Data repository scanning in 5 ms. Found 2 JPA repository interfaces.
2024-08-15T17:20:50.334+03:00  INFO 25244 --- [           main] o.hibernate.jpa.internal.util.LogHelper  : HHH000204: Processing PersistenceUnitInfo [name: default]
2024-08-15T17:20:50.337+03:00  INFO 25244 --- [           main] o.h.c.internal.RegionFactoryInitiator    : HHH000026: Second-level cache disabled
2024-08-15T17:20:50.340+03:00  INFO 25244 --- [           main] o.s.o.j.p.SpringPersistenceUnitInfo      : No LoadTimeWeaver setup: ignoring JPA class transformer
2024-08-15T17:20:50.341+03:00  INFO 25244 --- [           main] com.zaxxer.hikari.HikariDataSource       : HikariPool-3 - Starting...
2024-08-15T17:20:50.343+03:00  INFO 25244 --- [           main] com.zaxxer.hikari.pool.HikariPool        : HikariPool-3 - Added connection conn20: url=jdbc:h2:mem:public user=POSTGRES
2024-08-15T17:20:50.343+03:00  INFO 25244 --- [           main] com.zaxxer.hikari.HikariDataSource       : HikariPool-3 - Start completed.
2024-08-15T17:20:50.343+03:00  WARN 25244 --- [           main] org.hibernate.orm.deprecation            : HHH90000025: H2Dialect does not need to be specified explicitly using 'hibernate.dialect' (remove the property setting and it will be selected by default)
2024-08-15T17:20:50.377+03:00  INFO 25244 --- [           main] o.h.e.t.j.p.i.JtaPlatformInitiator       : HHH000489: No JTA platform available (set 'hibernate.transaction.jta.platform' to enable JTA platform integration)
Hibernate: drop table if exists accounts cascade 
Hibernate: drop table if exists users cascade 
Hibernate: drop sequence if exists acc_id_seq
Hibernate: drop sequence if exists user_id_seq
Hibernate: create sequence acc_id_seq start with 1 increment by 50
Hibernate: create sequence user_id_seq start with 1 increment by 50
Hibernate: create table accounts (acc_id bigint not null, total_credit bigint not null, user_id bigint not null, primary key (acc_id))
Hibernate: create table users (id bigint not null, email varchar(255) not null unique, first_name varchar(255) not null, last_name varchar(255) not null, password varchar(255) not null, primary key (id))
Hibernate: alter table if exists accounts add constraint FKnjuop33mo69pd79ctplkck40n foreign key (user_id) references users
2024-08-15T17:20:50.382+03:00  INFO 25244 --- [           main] j.LocalContainerEntityManagerFactoryBean : Initialized JPA EntityManagerFactory for persistence unit 'default'
2024-08-15T17:20:50.452+03:00  WARN 25244 --- [           main] JpaBaseConfiguration$JpaWebConfiguration : spring.jpa.open-in-view is enabled by default. Therefore, database queries may be performed during view rendering. Explicitly configure spring.jpa.open-in-view to disable this warning
2024-08-15T17:20:50.515+03:00  INFO 25244 --- [           main] o.s.b.t.m.w.SpringBootMockServletContext : Initializing Spring TestDispatcherServlet ''
2024-08-15T17:20:50.516+03:00  INFO 25244 --- [           main] o.s.t.web.servlet.TestDispatcherServlet  : Initializing Servlet ''
2024-08-15T17:20:50.516+03:00  INFO 25244 --- [           main] o.s.t.web.servlet.TestDispatcherServlet  : Completed initialization in 0 ms
2024-08-15T17:20:50.520+03:00  INFO 25244 --- [           main] c.o.p.c.UserControllerIntegrationTest    : Started UserControllerIntegrationTest in 0.361 seconds (process running for 4.835)
Hibernate: select ue1_0.id,ue1_0.email,ue1_0.first_name,ue1_0.last_name,ue1_0.password from users ue1_0 where ue1_0.id=?
Hibernate: select next value for user_id_seq
Hibernate: insert into users (email,first_name,last_name,password,id) values (?,?,?,?,?)
Hibernate: select ue1_0.id,ue1_0.email,ue1_0.first_name,ue1_0.last_name,ue1_0.password from users ue1_0
2024-08-15T17:20:50.611+03:00  INFO 25244 --- [           main] j.LocalContainerEntityManagerFactoryBean : Closing JPA EntityManagerFactory for persistence unit 'default'
2024-08-15T17:20:50.612+03:00  INFO 25244 --- [           main] com.zaxxer.hikari.HikariDataSource       : HikariPool-3 - Shutdown initiated...
2024-08-15T17:20:50.613+03:00  INFO 25244 --- [           main] com.zaxxer.hikari.HikariDataSource       : HikariPool-3 - Shutdown completed.
]]></system-out>
  </testcase>
  <testcase name="testThatDeleteUserRemovesUser" classname="com.omery.projectAtm.controller.UserControllerIntegrationTest" time="0.085">
    <system-out><![CDATA[
  .   ____          _            __ _ _
 /\\ / ___'_ __ _ _(_)_ __  __ _ \ \ \ \
( ( )\___ | '_ | '_| | '_ \/ _` | \ \ \ \
 \\/  ___)| |_)| | | | | || (_| |  ) ) ) )
  '  |____| .__|_| |_|_| |_\__, | / / / /
 =========|_|==============|___/=/_/_/_/
 :: Spring Boot ::                (v3.2.2)

2024-08-15T17:20:50.627+03:00  INFO 25244 --- [           main] c.o.p.c.UserControllerIntegrationTest    : Starting UserControllerIntegrationTest using Java 21 with PID 25244 (started by omeryildiz in /Users/omeryildiz/Documents/GitHub/spring-boot-atmProject/backend)
2024-08-15T17:20:50.627+03:00  INFO 25244 --- [           main] c.o.p.c.UserControllerIntegrationTest    : The following 1 profile is active: "test"
2024-08-15T17:20:50.703+03:00  INFO 25244 --- [           main] .s.d.r.c.RepositoryConfigurationDelegate : Bootstrapping Spring Data JPA repositories in DEFAULT mode.
2024-08-15T17:20:50.710+03:00  INFO 25244 --- [           main] .s.d.r.c.RepositoryConfigurationDelegate : Finished Spring Data repository scanning in 6 ms. Found 2 JPA repository interfaces.
2024-08-15T17:20:50.783+03:00  INFO 25244 --- [           main] o.hibernate.jpa.internal.util.LogHelper  : HHH000204: Processing PersistenceUnitInfo [name: default]
2024-08-15T17:20:50.785+03:00  INFO 25244 --- [           main] o.h.c.internal.RegionFactoryInitiator    : HHH000026: Second-level cache disabled
2024-08-15T17:20:50.787+03:00  INFO 25244 --- [           main] o.s.o.j.p.SpringPersistenceUnitInfo      : No LoadTimeWeaver setup: ignoring JPA class transformer
2024-08-15T17:20:50.787+03:00  INFO 25244 --- [           main] com.zaxxer.hikari.HikariDataSource       : HikariPool-4 - Starting...
2024-08-15T17:20:50.789+03:00  INFO 25244 --- [           main] com.zaxxer.hikari.pool.HikariPool        : HikariPool-4 - Added connection conn30: url=jdbc:h2:mem:public user=POSTGRES
2024-08-15T17:20:50.789+03:00  INFO 25244 --- [           main] com.zaxxer.hikari.HikariDataSource       : HikariPool-4 - Start completed.
2024-08-15T17:20:50.790+03:00  WARN 25244 --- [           main] org.hibernate.orm.deprecation            : HHH90000025: H2Dialect does not need to be specified explicitly using 'hibernate.dialect' (remove the property setting and it will be selected by default)
2024-08-15T17:20:50.842+03:00  INFO 25244 --- [           main] o.h.e.t.j.p.i.JtaPlatformInitiator       : HHH000489: No JTA platform available (set 'hibernate.transaction.jta.platform' to enable JTA platform integration)
Hibernate: drop table if exists accounts cascade 
Hibernate: drop table if exists users cascade 
Hibernate: drop sequence if exists acc_id_seq
Hibernate: drop sequence if exists user_id_seq
Hibernate: create sequence acc_id_seq start with 1 increment by 50
Hibernate: create sequence user_id_seq start with 1 increment by 50
Hibernate: create table accounts (acc_id bigint not null, total_credit bigint not null, user_id bigint not null, primary key (acc_id))
Hibernate: create table users (id bigint not null, email varchar(255) not null unique, first_name varchar(255) not null, last_name varchar(255) not null, password varchar(255) not null, primary key (id))
Hibernate: alter table if exists accounts add constraint FKnjuop33mo69pd79ctplkck40n foreign key (user_id) references users
2024-08-15T17:20:50.849+03:00  INFO 25244 --- [           main] j.LocalContainerEntityManagerFactoryBean : Initialized JPA EntityManagerFactory for persistence unit 'default'
2024-08-15T17:20:50.992+03:00  WARN 25244 --- [           main] JpaBaseConfiguration$JpaWebConfiguration : spring.jpa.open-in-view is enabled by default. Therefore, database queries may be performed during view rendering. Explicitly configure spring.jpa.open-in-view to disable this warning
2024-08-15T17:20:51.077+03:00  INFO 25244 --- [           main] o.s.b.t.m.w.SpringBootMockServletContext : Initializing Spring TestDispatcherServlet ''
2024-08-15T17:20:51.077+03:00  INFO 25244 --- [           main] o.s.t.web.servlet.TestDispatcherServlet  : Initializing Servlet ''
2024-08-15T17:20:51.077+03:00  INFO 25244 --- [           main] o.s.t.web.servlet.TestDispatcherServlet  : Completed initialization in 0 ms
2024-08-15T17:20:51.083+03:00  INFO 25244 --- [           main] c.o.p.c.UserControllerIntegrationTest    : Started UserControllerIntegrationTest in 0.469 seconds (process running for 5.398)
Hibernate: select ue1_0.id,ue1_0.email,ue1_0.first_name,ue1_0.last_name,ue1_0.password from users ue1_0 where ue1_0.id=?
Hibernate: select next value for user_id_seq
Hibernate: insert into users (email,first_name,last_name,password,id) values (?,?,?,?,?)
Hibernate: select count(*) from users ue1_0 where ue1_0.id=?
Hibernate: select ae1_0.acc_id,ae1_0.total_credit,ae1_0.user_id from accounts ae1_0 where ae1_0.user_id=?
Hibernate: select ue1_0.id,ue1_0.email,ue1_0.first_name,ue1_0.last_name,ue1_0.password from users ue1_0 where ue1_0.id=?
Hibernate: delete from users where id=?
Hibernate: select ue1_0.id,ue1_0.email,ue1_0.first_name,ue1_0.last_name,ue1_0.password from users ue1_0 where ue1_0.id=?
2024-08-15T17:20:51.170+03:00  INFO 25244 --- [           main] j.LocalContainerEntityManagerFactoryBean : Closing JPA EntityManagerFactory for persistence unit 'default'
2024-08-15T17:20:51.170+03:00  INFO 25244 --- [           main] com.zaxxer.hikari.HikariDataSource       : HikariPool-4 - Shutdown initiated...
2024-08-15T17:20:51.171+03:00  INFO 25244 --- [           main] com.zaxxer.hikari.HikariDataSource       : HikariPool-4 - Shutdown completed.
]]></system-out>
  </testcase>
  <testcase name="testThatPartialUpdateExistingAuthorReturnsHttpStatus20Ok" classname="com.omery.projectAtm.controller.UserControllerIntegrationTest" time="0.053">
    <system-out><![CDATA[
  .   ____          _            __ _ _
 /\\ / ___'_ __ _ _(_)_ __  __ _ \ \ \ \
( ( )\___ | '_ | '_| | '_ \/ _` | \ \ \ \
 \\/  ___)| |_)| | | | | || (_| |  ) ) ) )
  '  |____| .__|_| |_|_| |_\__, | / / / /
 =========|_|==============|___/=/_/_/_/
 :: Spring Boot ::                (v3.2.2)

2024-08-15T17:20:51.188+03:00  INFO 25244 --- [           main] c.o.p.c.UserControllerIntegrationTest    : Starting UserControllerIntegrationTest using Java 21 with PID 25244 (started by omeryildiz in /Users/omeryildiz/Documents/GitHub/spring-boot-atmProject/backend)
2024-08-15T17:20:51.188+03:00  INFO 25244 --- [           main] c.o.p.c.UserControllerIntegrationTest    : The following 1 profile is active: "test"
2024-08-15T17:20:51.272+03:00  INFO 25244 --- [           main] .s.d.r.c.RepositoryConfigurationDelegate : Bootstrapping Spring Data JPA repositories in DEFAULT mode.
2024-08-15T17:20:51.279+03:00  INFO 25244 --- [           main] .s.d.r.c.RepositoryConfigurationDelegate : Finished Spring Data repository scanning in 6 ms. Found 2 JPA repository interfaces.
2024-08-15T17:20:51.319+03:00  INFO 25244 --- [           main] o.hibernate.jpa.internal.util.LogHelper  : HHH000204: Processing PersistenceUnitInfo [name: default]
2024-08-15T17:20:51.321+03:00  INFO 25244 --- [           main] o.h.c.internal.RegionFactoryInitiator    : HHH000026: Second-level cache disabled
2024-08-15T17:20:51.323+03:00  INFO 25244 --- [           main] o.s.o.j.p.SpringPersistenceUnitInfo      : No LoadTimeWeaver setup: ignoring JPA class transformer
2024-08-15T17:20:51.324+03:00  INFO 25244 --- [           main] com.zaxxer.hikari.HikariDataSource       : HikariPool-5 - Starting...
2024-08-15T17:20:51.326+03:00  INFO 25244 --- [           main] com.zaxxer.hikari.pool.HikariPool        : HikariPool-5 - Added connection conn40: url=jdbc:h2:mem:public user=POSTGRES
2024-08-15T17:20:51.326+03:00  INFO 25244 --- [           main] com.zaxxer.hikari.HikariDataSource       : HikariPool-5 - Start completed.
2024-08-15T17:20:51.326+03:00  WARN 25244 --- [           main] org.hibernate.orm.deprecation            : HHH90000025: H2Dialect does not need to be specified explicitly using 'hibernate.dialect' (remove the property setting and it will be selected by default)
2024-08-15T17:20:51.361+03:00  INFO 25244 --- [           main] o.h.e.t.j.p.i.JtaPlatformInitiator       : HHH000489: No JTA platform available (set 'hibernate.transaction.jta.platform' to enable JTA platform integration)
Hibernate: drop table if exists accounts cascade 
Hibernate: drop table if exists users cascade 
Hibernate: drop sequence if exists acc_id_seq
Hibernate: drop sequence if exists user_id_seq
Hibernate: create sequence acc_id_seq start with 1 increment by 50
Hibernate: create sequence user_id_seq start with 1 increment by 50
Hibernate: create table accounts (acc_id bigint not null, total_credit bigint not null, user_id bigint not null, primary key (acc_id))
Hibernate: create table users (id bigint not null, email varchar(255) not null unique, first_name varchar(255) not null, last_name varchar(255) not null, password varchar(255) not null, primary key (id))
Hibernate: alter table if exists accounts add constraint FKnjuop33mo69pd79ctplkck40n foreign key (user_id) references users
2024-08-15T17:20:51.365+03:00  INFO 25244 --- [           main] j.LocalContainerEntityManagerFactoryBean : Initialized JPA EntityManagerFactory for persistence unit 'default'
2024-08-15T17:20:51.424+03:00  WARN 25244 --- [           main] JpaBaseConfiguration$JpaWebConfiguration : spring.jpa.open-in-view is enabled by default. Therefore, database queries may be performed during view rendering. Explicitly configure spring.jpa.open-in-view to disable this warning
2024-08-15T17:20:51.489+03:00  INFO 25244 --- [           main] o.s.b.t.m.w.SpringBootMockServletContext : Initializing Spring TestDispatcherServlet ''
2024-08-15T17:20:51.489+03:00  INFO 25244 --- [           main] o.s.t.web.servlet.TestDispatcherServlet  : Initializing Servlet ''
2024-08-15T17:20:51.490+03:00  INFO 25244 --- [           main] o.s.t.web.servlet.TestDispatcherServlet  : Completed initialization in 1 ms
2024-08-15T17:20:51.494+03:00  INFO 25244 --- [           main] c.o.p.c.UserControllerIntegrationTest    : Started UserControllerIntegrationTest in 0.321 seconds (process running for 5.809)
Hibernate: select ue1_0.id,ue1_0.email,ue1_0.first_name,ue1_0.last_name,ue1_0.password from users ue1_0 where ue1_0.id=?
Hibernate: select next value for user_id_seq
Hibernate: insert into users (email,first_name,last_name,password,id) values (?,?,?,?,?)
Hibernate: select count(*) from users ue1_0 where ue1_0.id=?
Hibernate: select ue1_0.id,ue1_0.email,ue1_0.first_name,ue1_0.last_name,ue1_0.password from users ue1_0 where ue1_0.id=?
Hibernate: update users set email=?,first_name=?,last_name=?,password=? where id=?
2024-08-15T17:20:51.541+03:00  INFO 25244 --- [           main] j.LocalContainerEntityManagerFactoryBean : Closing JPA EntityManagerFactory for persistence unit 'default'
2024-08-15T17:20:51.542+03:00  INFO 25244 --- [           main] com.zaxxer.hikari.HikariDataSource       : HikariPool-5 - Shutdown initiated...
2024-08-15T17:20:51.549+03:00  INFO 25244 --- [           main] com.zaxxer.hikari.HikariDataSource       : HikariPool-5 - Shutdown completed.
]]></system-out>
  </testcase>
  <testcase name="testThatFullUpdateUserReturnsHttpStatus4200WhenAuthorExists" classname="com.omery.projectAtm.controller.UserControllerIntegrationTest" time="0.018">
    <system-out><![CDATA[
  .   ____          _            __ _ _
 /\\ / ___'_ __ _ _(_)_ __  __ _ \ \ \ \
( ( )\___ | '_ | '_| | '_ \/ _` | \ \ \ \
 \\/  ___)| |_)| | | | | || (_| |  ) ) ) )
  '  |____| .__|_| |_|_| |_\__, | / / / /
 =========|_|==============|___/=/_/_/_/
 :: Spring Boot ::                (v3.2.2)

2024-08-15T17:20:51.562+03:00  INFO 25244 --- [           main] c.o.p.c.UserControllerIntegrationTest    : Starting UserControllerIntegrationTest using Java 21 with PID 25244 (started by omeryildiz in /Users/omeryildiz/Documents/GitHub/spring-boot-atmProject/backend)
2024-08-15T17:20:51.563+03:00  INFO 25244 --- [           main] c.o.p.c.UserControllerIntegrationTest    : The following 1 profile is active: "test"
2024-08-15T17:20:51.627+03:00  INFO 25244 --- [           main] .s.d.r.c.RepositoryConfigurationDelegate : Bootstrapping Spring Data JPA repositories in DEFAULT mode.
2024-08-15T17:20:51.632+03:00  INFO 25244 --- [           main] .s.d.r.c.RepositoryConfigurationDelegate : Finished Spring Data repository scanning in 4 ms. Found 2 JPA repository interfaces.
2024-08-15T17:20:51.669+03:00  INFO 25244 --- [           main] o.hibernate.jpa.internal.util.LogHelper  : HHH000204: Processing PersistenceUnitInfo [name: default]
2024-08-15T17:20:51.670+03:00  INFO 25244 --- [           main] o.h.c.internal.RegionFactoryInitiator    : HHH000026: Second-level cache disabled
2024-08-15T17:20:51.672+03:00  INFO 25244 --- [           main] o.s.o.j.p.SpringPersistenceUnitInfo      : No LoadTimeWeaver setup: ignoring JPA class transformer
2024-08-15T17:20:51.672+03:00  INFO 25244 --- [           main] com.zaxxer.hikari.HikariDataSource       : HikariPool-6 - Starting...
2024-08-15T17:20:51.673+03:00  INFO 25244 --- [           main] com.zaxxer.hikari.pool.HikariPool        : HikariPool-6 - Added connection conn50: url=jdbc:h2:mem:public user=POSTGRES
2024-08-15T17:20:51.673+03:00  INFO 25244 --- [           main] com.zaxxer.hikari.HikariDataSource       : HikariPool-6 - Start completed.
2024-08-15T17:20:51.674+03:00  WARN 25244 --- [           main] org.hibernate.orm.deprecation            : HHH90000025: H2Dialect does not need to be specified explicitly using 'hibernate.dialect' (remove the property setting and it will be selected by default)
2024-08-15T17:20:51.698+03:00  INFO 25244 --- [           main] o.h.e.t.j.p.i.JtaPlatformInitiator       : HHH000489: No JTA platform available (set 'hibernate.transaction.jta.platform' to enable JTA platform integration)
Hibernate: drop table if exists accounts cascade 
Hibernate: drop table if exists users cascade 
Hibernate: drop sequence if exists acc_id_seq
Hibernate: drop sequence if exists user_id_seq
Hibernate: create sequence acc_id_seq start with 1 increment by 50
Hibernate: create sequence user_id_seq start with 1 increment by 50
Hibernate: create table accounts (acc_id bigint not null, total_credit bigint not null, user_id bigint not null, primary key (acc_id))
Hibernate: create table users (id bigint not null, email varchar(255) not null unique, first_name varchar(255) not null, last_name varchar(255) not null, password varchar(255) not null, primary key (id))
Hibernate: alter table if exists accounts add constraint FKnjuop33mo69pd79ctplkck40n foreign key (user_id) references users
2024-08-15T17:20:51.702+03:00  INFO 25244 --- [           main] j.LocalContainerEntityManagerFactoryBean : Initialized JPA EntityManagerFactory for persistence unit 'default'
2024-08-15T17:20:51.751+03:00  WARN 25244 --- [           main] JpaBaseConfiguration$JpaWebConfiguration : spring.jpa.open-in-view is enabled by default. Therefore, database queries may be performed during view rendering. Explicitly configure spring.jpa.open-in-view to disable this warning
2024-08-15T17:20:51.794+03:00  INFO 25244 --- [           main] o.s.b.t.m.w.SpringBootMockServletContext : Initializing Spring TestDispatcherServlet ''
2024-08-15T17:20:51.794+03:00  INFO 25244 --- [           main] o.s.t.web.servlet.TestDispatcherServlet  : Initializing Servlet ''
2024-08-15T17:20:51.795+03:00  INFO 25244 --- [           main] o.s.t.web.servlet.TestDispatcherServlet  : Completed initialization in 1 ms
2024-08-15T17:20:51.799+03:00  INFO 25244 --- [           main] c.o.p.c.UserControllerIntegrationTest    : Started UserControllerIntegrationTest in 0.249 seconds (process running for 6.113)
Hibernate: select ue1_0.id,ue1_0.email,ue1_0.first_name,ue1_0.last_name,ue1_0.password from users ue1_0 where ue1_0.id=?
Hibernate: select next value for user_id_seq
Hibernate: insert into users (email,first_name,last_name,password,id) values (?,?,?,?,?)
Hibernate: select count(*) from users ue1_0 where ue1_0.id=?
Hibernate: select ue1_0.id,ue1_0.email,ue1_0.first_name,ue1_0.last_name,ue1_0.password from users ue1_0 where ue1_0.id=?
2024-08-15T17:20:51.815+03:00  INFO 25244 --- [           main] j.LocalContainerEntityManagerFactoryBean : Closing JPA EntityManagerFactory for persistence unit 'default'
2024-08-15T17:20:51.815+03:00  INFO 25244 --- [           main] com.zaxxer.hikari.HikariDataSource       : HikariPool-6 - Shutdown initiated...
2024-08-15T17:20:51.818+03:00  INFO 25244 --- [           main] com.zaxxer.hikari.HikariDataSource       : HikariPool-6 - Shutdown completed.
]]></system-out>
  </testcase>
  <testcase name="testThatGetUserReturnsWhenUserExist" classname="com.omery.projectAtm.controller.UserControllerIntegrationTest" time="0.019">
    <system-out><![CDATA[
  .   ____          _            __ _ _
 /\\ / ___'_ __ _ _(_)_ __  __ _ \ \ \ \
( ( )\___ | '_ | '_| | '_ \/ _` | \ \ \ \
 \\/  ___)| |_)| | | | | || (_| |  ) ) ) )
  '  |____| .__|_| |_|_| |_\__, | / / / /
 =========|_|==============|___/=/_/_/_/
 :: Spring Boot ::                (v3.2.2)

2024-08-15T17:20:51.830+03:00  INFO 25244 --- [           main] c.o.p.c.UserControllerIntegrationTest    : Starting UserControllerIntegrationTest using Java 21 with PID 25244 (started by omeryildiz in /Users/omeryildiz/Documents/GitHub/spring-boot-atmProject/backend)
2024-08-15T17:20:51.830+03:00  INFO 25244 --- [           main] c.o.p.c.UserControllerIntegrationTest    : The following 1 profile is active: "test"
2024-08-15T17:20:51.887+03:00  INFO 25244 --- [           main] .s.d.r.c.RepositoryConfigurationDelegate : Bootstrapping Spring Data JPA repositories in DEFAULT mode.
2024-08-15T17:20:51.891+03:00  INFO 25244 --- [           main] .s.d.r.c.RepositoryConfigurationDelegate : Finished Spring Data repository scanning in 4 ms. Found 2 JPA repository interfaces.
2024-08-15T17:20:51.927+03:00  INFO 25244 --- [           main] o.hibernate.jpa.internal.util.LogHelper  : HHH000204: Processing PersistenceUnitInfo [name: default]
2024-08-15T17:20:51.928+03:00  INFO 25244 --- [           main] o.h.c.internal.RegionFactoryInitiator    : HHH000026: Second-level cache disabled
2024-08-15T17:20:51.929+03:00  INFO 25244 --- [           main] o.s.o.j.p.SpringPersistenceUnitInfo      : No LoadTimeWeaver setup: ignoring JPA class transformer
2024-08-15T17:20:51.929+03:00  INFO 25244 --- [           main] com.zaxxer.hikari.HikariDataSource       : HikariPool-7 - Starting...
2024-08-15T17:20:51.931+03:00  INFO 25244 --- [           main] com.zaxxer.hikari.pool.HikariPool        : HikariPool-7 - Added connection conn54: url=jdbc:h2:mem:public user=POSTGRES
2024-08-15T17:20:51.931+03:00  INFO 25244 --- [           main] com.zaxxer.hikari.HikariDataSource       : HikariPool-7 - Start completed.
2024-08-15T17:20:51.931+03:00  WARN 25244 --- [           main] org.hibernate.orm.deprecation            : HHH90000025: H2Dialect does not need to be specified explicitly using 'hibernate.dialect' (remove the property setting and it will be selected by default)
2024-08-15T17:20:51.967+03:00  INFO 25244 --- [           main] o.h.e.t.j.p.i.JtaPlatformInitiator       : HHH000489: No JTA platform available (set 'hibernate.transaction.jta.platform' to enable JTA platform integration)
Hibernate: drop table if exists accounts cascade 
Hibernate: drop table if exists users cascade 
Hibernate: drop sequence if exists acc_id_seq
Hibernate: drop sequence if exists user_id_seq
Hibernate: create sequence acc_id_seq start with 1 increment by 50
Hibernate: create sequence user_id_seq start with 1 increment by 50
Hibernate: create table accounts (acc_id bigint not null, total_credit bigint not null, user_id bigint not null, primary key (acc_id))
Hibernate: create table users (id bigint not null, email varchar(255) not null unique, first_name varchar(255) not null, last_name varchar(255) not null, password varchar(255) not null, primary key (id))
Hibernate: alter table if exists accounts add constraint FKnjuop33mo69pd79ctplkck40n foreign key (user_id) references users
2024-08-15T17:20:51.970+03:00  INFO 25244 --- [           main] j.LocalContainerEntityManagerFactoryBean : Initialized JPA EntityManagerFactory for persistence unit 'default'
2024-08-15T17:20:52.015+03:00  WARN 25244 --- [           main] JpaBaseConfiguration$JpaWebConfiguration : spring.jpa.open-in-view is enabled by default. Therefore, database queries may be performed during view rendering. Explicitly configure spring.jpa.open-in-view to disable this warning
2024-08-15T17:20:52.059+03:00  INFO 25244 --- [           main] o.s.b.t.m.w.SpringBootMockServletContext : Initializing Spring TestDispatcherServlet ''
2024-08-15T17:20:52.059+03:00  INFO 25244 --- [           main] o.s.t.web.servlet.TestDispatcherServlet  : Initializing Servlet ''
2024-08-15T17:20:52.060+03:00  INFO 25244 --- [           main] o.s.t.web.servlet.TestDispatcherServlet  : Completed initialization in 1 ms
2024-08-15T17:20:52.064+03:00  INFO 25244 --- [           main] c.o.p.c.UserControllerIntegrationTest    : Started UserControllerIntegrationTest in 0.245 seconds (process running for 6.378)
Hibernate: select ue1_0.id,ue1_0.email,ue1_0.first_name,ue1_0.last_name,ue1_0.password from users ue1_0 where ue1_0.id=?
Hibernate: select next value for user_id_seq
Hibernate: insert into users (email,first_name,last_name,password,id) values (?,?,?,?,?)
Hibernate: select ue1_0.id,ue1_0.email,ue1_0.first_name,ue1_0.last_name,ue1_0.password from users ue1_0 where ue1_0.id=?
2024-08-15T17:20:52.080+03:00  INFO 25244 --- [           main] j.LocalContainerEntityManagerFactoryBean : Closing JPA EntityManagerFactory for persistence unit 'default'
2024-08-15T17:20:52.080+03:00  INFO 25244 --- [           main] com.zaxxer.hikari.HikariDataSource       : HikariPool-7 - Shutdown initiated...
2024-08-15T17:20:52.084+03:00  INFO 25244 --- [           main] com.zaxxer.hikari.HikariDataSource       : HikariPool-7 - Shutdown completed.
]]></system-out>
  </testcase>
  <testcase name="testThatCreateUserSuccessfullyReturnsHttp201Created" classname="com.omery.projectAtm.controller.UserControllerIntegrationTest" time="0.012">
    <system-out><![CDATA[
  .   ____          _            __ _ _
 /\\ / ___'_ __ _ _(_)_ __  __ _ \ \ \ \
( ( )\___ | '_ | '_| | '_ \/ _` | \ \ \ \
 \\/  ___)| |_)| | | | | || (_| |  ) ) ) )
  '  |____| .__|_| |_|_| |_\__, | / / / /
 =========|_|==============|___/=/_/_/_/
 :: Spring Boot ::                (v3.2.2)

2024-08-15T17:20:52.096+03:00  INFO 25244 --- [           main] c.o.p.c.UserControllerIntegrationTest    : Starting UserControllerIntegrationTest using Java 21 with PID 25244 (started by omeryildiz in /Users/omeryildiz/Documents/GitHub/spring-boot-atmProject/backend)
2024-08-15T17:20:52.096+03:00  INFO 25244 --- [           main] c.o.p.c.UserControllerIntegrationTest    : The following 1 profile is active: "test"
2024-08-15T17:20:52.163+03:00  INFO 25244 --- [           main] .s.d.r.c.RepositoryConfigurationDelegate : Bootstrapping Spring Data JPA repositories in DEFAULT mode.
2024-08-15T17:20:52.171+03:00  INFO 25244 --- [           main] .s.d.r.c.RepositoryConfigurationDelegate : Finished Spring Data repository scanning in 8 ms. Found 2 JPA repository interfaces.
2024-08-15T17:20:52.204+03:00  INFO 25244 --- [           main] o.hibernate.jpa.internal.util.LogHelper  : HHH000204: Processing PersistenceUnitInfo [name: default]
2024-08-15T17:20:52.205+03:00  INFO 25244 --- [           main] o.h.c.internal.RegionFactoryInitiator    : HHH000026: Second-level cache disabled
2024-08-15T17:20:52.208+03:00  INFO 25244 --- [           main] o.s.o.j.p.SpringPersistenceUnitInfo      : No LoadTimeWeaver setup: ignoring JPA class transformer
2024-08-15T17:20:52.209+03:00  INFO 25244 --- [           main] com.zaxxer.hikari.HikariDataSource       : HikariPool-8 - Starting...
2024-08-15T17:20:52.210+03:00  INFO 25244 --- [           main] com.zaxxer.hikari.pool.HikariPool        : HikariPool-8 - Added connection conn59: url=jdbc:h2:mem:public user=POSTGRES
2024-08-15T17:20:52.210+03:00  INFO 25244 --- [           main] com.zaxxer.hikari.HikariDataSource       : HikariPool-8 - Start completed.
2024-08-15T17:20:52.210+03:00  WARN 25244 --- [           main] org.hibernate.orm.deprecation            : HHH90000025: H2Dialect does not need to be specified explicitly using 'hibernate.dialect' (remove the property setting and it will be selected by default)
2024-08-15T17:20:52.232+03:00  INFO 25244 --- [           main] o.h.e.t.j.p.i.JtaPlatformInitiator       : HHH000489: No JTA platform available (set 'hibernate.transaction.jta.platform' to enable JTA platform integration)
Hibernate: drop table if exists accounts cascade 
Hibernate: drop table if exists users cascade 
Hibernate: drop sequence if exists acc_id_seq
Hibernate: drop sequence if exists user_id_seq
Hibernate: create sequence acc_id_seq start with 1 increment by 50
Hibernate: create sequence user_id_seq start with 1 increment by 50
Hibernate: create table accounts (acc_id bigint not null, total_credit bigint not null, user_id bigint not null, primary key (acc_id))
Hibernate: create table users (id bigint not null, email varchar(255) not null unique, first_name varchar(255) not null, last_name varchar(255) not null, password varchar(255) not null, primary key (id))
Hibernate: alter table if exists accounts add constraint FKnjuop33mo69pd79ctplkck40n foreign key (user_id) references users
2024-08-15T17:20:52.366+03:00  INFO 25244 --- [           main] j.LocalContainerEntityManagerFactoryBean : Initialized JPA EntityManagerFactory for persistence unit 'default'
2024-08-15T17:20:52.406+03:00  WARN 25244 --- [           main] JpaBaseConfiguration$JpaWebConfiguration : spring.jpa.open-in-view is enabled by default. Therefore, database queries may be performed during view rendering. Explicitly configure spring.jpa.open-in-view to disable this warning
2024-08-15T17:20:52.441+03:00  INFO 25244 --- [           main] o.s.b.t.m.w.SpringBootMockServletContext : Initializing Spring TestDispatcherServlet ''
2024-08-15T17:20:52.441+03:00  INFO 25244 --- [           main] o.s.t.web.servlet.TestDispatcherServlet  : Initializing Servlet ''
2024-08-15T17:20:52.441+03:00  INFO 25244 --- [           main] o.s.t.web.servlet.TestDispatcherServlet  : Completed initialization in 0 ms
2024-08-15T17:20:52.444+03:00  INFO 25244 --- [           main] c.o.p.c.UserControllerIntegrationTest    : Started UserControllerIntegrationTest in 0.359 seconds (process running for 6.759)
Hibernate: select ue1_0.id,ue1_0.email,ue1_0.first_name,ue1_0.last_name,ue1_0.password from users ue1_0 where ue1_0.id=?
Hibernate: select next value for user_id_seq
Hibernate: insert into users (email,first_name,last_name,password,id) values (?,?,?,?,?)
2024-08-15T17:20:52.457+03:00  INFO 25244 --- [           main] j.LocalContainerEntityManagerFactoryBean : Closing JPA EntityManagerFactory for persistence unit 'default'
2024-08-15T17:20:52.457+03:00  INFO 25244 --- [           main] com.zaxxer.hikari.HikariDataSource       : HikariPool-8 - Shutdown initiated...
2024-08-15T17:20:52.458+03:00  INFO 25244 --- [           main] com.zaxxer.hikari.HikariDataSource       : HikariPool-8 - Shutdown completed.
]]></system-out>
  </testcase>
</testsuite>